[debug] > Exec(early(addDefaultCommands), None, None)
[debug] > Exec(addDefaultCommands, None, None)
[debug] > Exec(early(initialize), None, None)
[debug] > Exec(initialize, None, None)
[debug] > Exec(boot, None, None)
[debug] > Exec(writeSbtVersion, None, None)
[debug] > Exec(reload, None, None)
[debug] > Exec(sbtStashOnFailure, None, None)
[debug] > Exec(onFailure loadFailed, None, None)
[debug] > Exec(loadp, None, None)
[info] welcome to sbt 1.5.5 (Private Build Java 1.8.0_292)
[debug] Load.defaultLoad until apply took 1236.760629ms
[debug]           Load.loadUnit: plugins took 492.267567ms
[debug]           Load.loadUnit: defsScala took 8.870848ms
[debug] [Loading] Scanning directory /home/knoldus/IdeaProjects/Neha-sbt-assignment/project
[debug]             Load.loadUnit: mkEval took 32.148404ms
[debug] [Loading] Found non-root projects 
[debug] [Loading] Done in /home/knoldus/IdeaProjects/Neha-sbt-assignment/project, returning: ()
[debug] deducing auto plugins based on known facts Set(Atom(sbt.plugins.CorePlugin)) and clauses Clauses(Clause(Atom(sbt.plugins.JvmPlugin),Set(Atom(sbt.plugins.IvyPlugin)))
[debug] Clause(Atom(sbt.ScriptedPlugin),Set(Atom(sbt.plugins.JvmPlugin)))
[debug] Clause(Atom(sbt.plugins.SbtPlugin),Set(Atom(sbt.ScriptedPlugin)))
[debug] Clause(Atom(sbt.plugins.SemanticdbPlugin),Set(Atom(sbt.plugins.JvmPlugin)))
[debug] Clause(Atom(sbt.plugins.JUnitXmlReportPlugin),Set(Atom(sbt.plugins.JvmPlugin)))
[debug] Clause(Atom(sbt.plugins.MiniDependencyTreePlugin),Set(Atom(sbt.plugins.JvmPlugin)))
[debug] Clause(Atom(sbt.plugins.CorePlugin),Set(Atom(sbt.plugins.IvyPlugin)))
[debug] Clause(Atom(sbt.plugins.IvyPlugin),Set(Atom(sbt.plugins.JvmPlugin)))
[debug] Clause(Atom(sbt.plugins.JvmPlugin),Set(Atom(sbt.plugins.SemanticdbPlugin)))
[debug] Clause(Atom(sbt.plugins.JvmPlugin),Set(Atom(sbt.plugins.JUnitXmlReportPlugin)))
[debug] Clause(Atom(sbt.plugins.CorePlugin),Set(Atom(sbt.plugins.Giter8TemplatePlugin)))
[debug] Clause(Atom(sbt.plugins.JvmPlugin),Set(Atom(sbt.plugins.MiniDependencyTreePlugin))))
[debug]   :: deduced result: Matched(sbt.plugins.CorePlugin,sbt.plugins.Giter8TemplatePlugin,sbt.plugins.IvyPlugin,sbt.plugins.JvmPlugin,sbt.plugins.MiniDependencyTreePlugin,sbt.plugins.JUnitXmlReportPlugin,sbt.plugins.SemanticdbPlugin)
[debug] Plugins.deducer#function took 35.372139 ms
[info] loading settings for project neha-sbt-assignment-build from plugins.sbt ...
[debug]               Load.resolveProject(neha-sbt-assignment-build) took 61.892011ms
[debug]             Load.loadTransitive: finalizeProject(Project(id neha-sbt-assignment-build, base: /home/knoldus/IdeaProjects/Neha-sbt-assignment/project, plugins: List(<none>))) took 118.049643ms
[debug] [Loading] Done in /home/knoldus/IdeaProjects/Neha-sbt-assignment/project, returning: (neha-sbt-assignment-build)
[debug]           Load.loadUnit: loadedProjectsRaw took 4827.415453ms
[debug]           Load.loadUnit: cleanEvalClasses took 49.658457ms
[debug]         Load.loadUnit(file:/home/knoldus/IdeaProjects/Neha-sbt-assignment/project/, ...) took 5416.159281ms
[debug]       Load.apply: load took 5599.418501ms
[debug]       Load.apply: resolveProjects took 9.966766ms
[debug]       Load.apply: finalTransforms took 141.790396ms
[debug]       Load.apply: config.delegates took 20.712893ms
[debug]       Load.apply: Def.make(settings)... took 1335.831899ms
[debug]       Load.apply: structureIndex took 345.025891ms
[debug]       Load.apply: mkStreams took 3.583334ms
[info] loading project definition from /home/knoldus/IdeaProjects/Neha-sbt-assignment/project
[debug] Running task... Cancel: Signal, check cycles: false, forcegc: true
[debug]     Load.loadUnit: plugins took 17587.750893ms
[debug]     Load.loadUnit: defsScala took 0.003044ms
[debug] [Loading] Scanning directory /home/knoldus/IdeaProjects/Neha-sbt-assignment
[debug]       Load.loadUnit: mkEval took 0.160392ms
[debug] [Loading] Found root project root w/ remaining http,act
[debug] deducing auto plugins based on known facts Set(Atom(sbt.plugins.CorePlugin)) and clauses Clauses(Clause(Atom(sbt.plugins.JvmPlugin),Set(Atom(sbt.plugins.IvyPlugin)))
[debug] Clause(Atom(sbt.ScriptedPlugin),Set(Atom(sbt.plugins.JvmPlugin)))
[debug] Clause(Atom(sbt.plugins.SbtPlugin),Set(Atom(sbt.ScriptedPlugin)))
[debug] Clause(Atom(sbt.plugins.SemanticdbPlugin),Set(Atom(sbt.plugins.JvmPlugin)))
[debug] Clause(Atom(sbt.plugins.JUnitXmlReportPlugin),Set(Atom(sbt.plugins.JvmPlugin)))
[debug] Clause(Atom(sbt.plugins.MiniDependencyTreePlugin),Set(Atom(sbt.plugins.JvmPlugin)))
[debug] Clause(Atom(io.github.knoldus.CodeSquad),Set(Atom(sbt.plugins.JvmPlugin)))
[debug] Clause(Atom(org.scalastyle.sbt.ScalastylePlugin),Set(Atom(sbt.plugins.JvmPlugin)))
[debug] Clause(Atom(sbt.plugins.CorePlugin),Set(Atom(sbt.plugins.IvyPlugin)))
[debug] Clause(Atom(sbt.plugins.IvyPlugin),Set(Atom(sbt.plugins.JvmPlugin)))
[debug] Clause(Atom(sbt.plugins.JvmPlugin),Set(Atom(sbt.plugins.SemanticdbPlugin)))
[debug] Clause(Atom(sbt.plugins.JvmPlugin),Set(Atom(sbt.plugins.JUnitXmlReportPlugin)))
[debug] Clause(Atom(sbt.plugins.CorePlugin),Set(Atom(sbt.plugins.Giter8TemplatePlugin)))
[debug] Clause(Atom(sbt.plugins.JvmPlugin),Set(Atom(sbt.plugins.MiniDependencyTreePlugin)))
[debug] Clause(Atom(sbt.plugins.JvmPlugin),Set(Atom(io.github.knoldus.CodeSquad)))
[debug] Clause(Atom(sbt.plugins.JvmPlugin),Set(Atom(org.scalastyle.sbt.ScalastylePlugin))))
[debug]   :: deduced result: Matched(sbt.plugins.CorePlugin,sbt.plugins.Giter8TemplatePlugin,sbt.plugins.IvyPlugin,sbt.plugins.JvmPlugin,sbt.plugins.SemanticdbPlugin,sbt.plugins.JUnitXmlReportPlugin,io.github.knoldus.CodeSquad,sbt.plugins.MiniDependencyTreePlugin,org.scalastyle.sbt.ScalastylePlugin)
[debug] Plugins.deducer#function took 4.639153 ms
[info] loading settings for project root from build.sbt ...
[debug]         Load.resolveProject(root) took 7.753546ms
[debug]       Load.loadTransitive: finalizeProject(Project(id root, base: /home/knoldus/IdeaProjects/Neha-sbt-assignment, aggregate: List(LocalProject(act), LocalProject(http)), plugins: List(<none>))) took 13.842855ms
[debug] [Loading] Loading project http @ /home/knoldus/IdeaProjects/Neha-sbt-assignment/http
[debug] deducing auto plugins based on known facts Set(Atom(sbt.plugins.CorePlugin)) and clauses Clauses(Clause(Atom(sbt.plugins.JvmPlugin),Set(Atom(sbt.plugins.IvyPlugin)))
[debug] Clause(Atom(sbt.ScriptedPlugin),Set(Atom(sbt.plugins.JvmPlugin)))
[debug] Clause(Atom(sbt.plugins.SbtPlugin),Set(Atom(sbt.ScriptedPlugin)))
[debug] Clause(Atom(sbt.plugins.SemanticdbPlugin),Set(Atom(sbt.plugins.JvmPlugin)))
[debug] Clause(Atom(sbt.plugins.JUnitXmlReportPlugin),Set(Atom(sbt.plugins.JvmPlugin)))
[debug] Clause(Atom(sbt.plugins.MiniDependencyTreePlugin),Set(Atom(sbt.plugins.JvmPlugin)))
[debug] Clause(Atom(io.github.knoldus.CodeSquad),Set(Atom(sbt.plugins.JvmPlugin)))
[debug] Clause(Atom(org.scalastyle.sbt.ScalastylePlugin),Set(Atom(sbt.plugins.JvmPlugin)))
[debug] Clause(Atom(sbt.plugins.CorePlugin),Set(Atom(sbt.plugins.IvyPlugin)))
[debug] Clause(Atom(sbt.plugins.IvyPlugin),Set(Atom(sbt.plugins.JvmPlugin)))
[debug] Clause(Atom(sbt.plugins.JvmPlugin),Set(Atom(sbt.plugins.SemanticdbPlugin)))
[debug] Clause(Atom(sbt.plugins.JvmPlugin),Set(Atom(sbt.plugins.JUnitXmlReportPlugin)))
[debug] Clause(Atom(sbt.plugins.CorePlugin),Set(Atom(sbt.plugins.Giter8TemplatePlugin)))
[debug] Clause(Atom(sbt.plugins.JvmPlugin),Set(Atom(sbt.plugins.MiniDependencyTreePlugin)))
[debug] Clause(Atom(sbt.plugins.JvmPlugin),Set(Atom(io.github.knoldus.CodeSquad)))
[debug] Clause(Atom(sbt.plugins.JvmPlugin),Set(Atom(org.scalastyle.sbt.ScalastylePlugin))))
[debug]   :: deduced result: Matched(sbt.plugins.CorePlugin,sbt.plugins.Giter8TemplatePlugin,sbt.plugins.IvyPlugin,sbt.plugins.JvmPlugin,sbt.plugins.SemanticdbPlugin,sbt.plugins.JUnitXmlReportPlugin,io.github.knoldus.CodeSquad,sbt.plugins.MiniDependencyTreePlugin,org.scalastyle.sbt.ScalastylePlugin)
[debug] Plugins.deducer#function took 14.697003 ms
[debug]       Load.resolveProject(http) took 6.548849ms
[debug] [Loading] Loading project act @ /home/knoldus/IdeaProjects/Neha-sbt-assignment/Actor
[debug] deducing auto plugins based on known facts Set(Atom(sbt.plugins.CorePlugin)) and clauses Clauses(Clause(Atom(sbt.plugins.JvmPlugin),Set(Atom(sbt.plugins.IvyPlugin)))
[debug] Clause(Atom(sbt.ScriptedPlugin),Set(Atom(sbt.plugins.JvmPlugin)))
[debug] Clause(Atom(sbt.plugins.SbtPlugin),Set(Atom(sbt.ScriptedPlugin)))
[debug] Clause(Atom(sbt.plugins.SemanticdbPlugin),Set(Atom(sbt.plugins.JvmPlugin)))
[debug] Clause(Atom(sbt.plugins.JUnitXmlReportPlugin),Set(Atom(sbt.plugins.JvmPlugin)))
[debug] Clause(Atom(sbt.plugins.MiniDependencyTreePlugin),Set(Atom(sbt.plugins.JvmPlugin)))
[debug] Clause(Atom(io.github.knoldus.CodeSquad),Set(Atom(sbt.plugins.JvmPlugin)))
[debug] Clause(Atom(org.scalastyle.sbt.ScalastylePlugin),Set(Atom(sbt.plugins.JvmPlugin)))
[debug] Clause(Atom(sbt.plugins.CorePlugin),Set(Atom(sbt.plugins.IvyPlugin)))
[debug] Clause(Atom(sbt.plugins.IvyPlugin),Set(Atom(sbt.plugins.JvmPlugin)))
[debug] Clause(Atom(sbt.plugins.JvmPlugin),Set(Atom(sbt.plugins.SemanticdbPlugin)))
[debug] Clause(Atom(sbt.plugins.JvmPlugin),Set(Atom(sbt.plugins.JUnitXmlReportPlugin)))
[debug] Clause(Atom(sbt.plugins.CorePlugin),Set(Atom(sbt.plugins.Giter8TemplatePlugin)))
[debug] Clause(Atom(sbt.plugins.JvmPlugin),Set(Atom(sbt.plugins.MiniDependencyTreePlugin)))
[debug] Clause(Atom(sbt.plugins.JvmPlugin),Set(Atom(io.github.knoldus.CodeSquad)))
[debug] Clause(Atom(sbt.plugins.JvmPlugin),Set(Atom(org.scalastyle.sbt.ScalastylePlugin))))
[debug]   :: deduced result: Matched(sbt.plugins.CorePlugin,sbt.plugins.Giter8TemplatePlugin,sbt.plugins.IvyPlugin,sbt.plugins.JvmPlugin,sbt.plugins.SemanticdbPlugin,sbt.plugins.JUnitXmlReportPlugin,io.github.knoldus.CodeSquad,sbt.plugins.MiniDependencyTreePlugin,org.scalastyle.sbt.ScalastylePlugin)
[debug] Plugins.deducer#function took 5.208728 ms
[debug]       Load.resolveProject(act) took 2.144133ms
[debug] [Loading] Done in /home/knoldus/IdeaProjects/Neha-sbt-assignment, returning: (root, http, act)
[debug]     Load.loadUnit: loadedProjectsRaw took 3310.236179ms
[debug]     Load.loadUnit: cleanEvalClasses took 2.460419ms
[debug]   Load.loadUnit(file:/home/knoldus/IdeaProjects/Neha-sbt-assignment/, ...) took 20901.94497ms
[debug] Load.apply: load took 20973.29006ms
[debug] Load.apply: resolveProjects took 0.371698ms
[debug] Load.apply: finalTransforms took 28.682877ms
[debug] Load.apply: config.delegates took 0.859443ms
[debug] Load.apply: Def.make(settings)... took 520.001644ms
[debug] Load.apply: structureIndex took 170.686003ms
[debug] Load.apply: mkStreams took 0.015122ms
[info] set current project to Sbt-Assignment (in build file:/home/knoldus/IdeaProjects/Neha-sbt-assignment/)
[debug] > Exec(sbtPopOnFailure, None, None)
[debug] > Exec(resumeFromFailure, None, None)
[debug] > Exec(notifyUsersAboutShell, None, None)
[debug] > Exec(iflast shell, None, None)
[debug] > Exec(shell, None, None)
[info] sbt server started at local:///home/knoldus/.sbt/1.0/server/f52a52baa58520bb544b/sock
[debug] Writing bsp connection file
[info] started sbt server
