[debug] > Exec(;set _root_.scala.collection.Seq(historyPath := None,shellPrompt := { _ => "" },SettingKey[_root_.scala.Option[_root_.sbt.File]]("sbtStructureOutputFile") in _root_.sbt.Global := _root_.scala.Some(_root_.sbt.file("/tmp/sbt-structure.xml")),SettingKey[_root_.java.lang.String]("sbtStructureOptions") in _root_.sbt.Global := "download, resolveClassifiers");apply -cp "/home/knoldus/.local/share/JetBrains/IdeaIC2021.2/Scala/repo/org/jetbrains/scala/sbt-structure-extractor_2.12_1.0/2021.1.1/sbt-structure-extractor-2021.1.1.jar" org.jetbrains.sbt.CreateTasks;*/*:dumpStructure, Some(ed317cd1-a33c-4363-8593-93760c15384c), Some(CommandSource(console0)))
[debug] > Exec(set _root_.scala.collection.Seq(historyPath := None,shellPrompt := { _ => "" },SettingKey[_root_.scala.Option[_root_.sbt.File]]("sbtStructureOutputFile") in _root_.sbt.Global := _root_.scala.Some(_root_.sbt.file("/tmp/sbt-structure.xml")),SettingKey[_root_.java.lang.String]("sbtStructureOptions") in _root_.sbt.Global := "download, resolveClassifiers"), None, Some(CommandSource(console0)))
[info] Defining Global / sbtStructureOptions, Global / sbtStructureOutputFile and 1 others.
[info] The new values will be used by cleanKeepGlobs
[info] 	Run `last` for details.
[debug] Defining 
[debug] 	Global / sbtStructureOptions
[debug] 	Global / sbtStructureOutputFile
[debug] 	history
[debug] 	shellPrompt
[debug] 
[debug] The new values will be used by 
[debug] 	cleanKeepGlobs
[info] Reapplying settings...
[info] set current project to Sbt-Assignment (in build file:/home/knoldus/IdeaProjects/Neha-sbt-assignment/)
[debug] > Exec(apply -cp "/home/knoldus/.local/share/JetBrains/IdeaIC2021.2/Scala/repo/org/jetbrains/scala/sbt-structure-extractor_2.12_1.0/2021.1.1/sbt-structure-extractor-2021.1.1.jar" org.jetbrains.sbt.CreateTasks, None, Some(CommandSource(console0)))
[info] Applying State transformations org.jetbrains.sbt.CreateTasks from /home/knoldus/.local/share/JetBrains/IdeaIC2021.2/Scala/repo/org/jetbrains/scala/sbt-structure-extractor_2.12_1.0/2021.1.1/sbt-structure-extractor-2021.1.1.jar
[info] Reapplying settings...
[info] set current project to Sbt-Assignment (in build file:/home/knoldus/IdeaProjects/Neha-sbt-assignment/)
[debug] > Exec(*/*:dumpStructure, None, Some(CommandSource(console0)))
[debug] Evaluating tasks: Global / dumpStructure
[warn] sbt 0.13 shell syntax is deprecated; use slash syntax instead: Global / dumpStructure
[debug] Running task... Cancel: Signal, check cycles: false, forcegc: true
[warn] scala-library-2.12.12.jar no longer exists at /home/knoldus/.cache/coursier/v1/https/repo1.maven.org/maven2/org/scala-lang/scala-library/2.12.12/scala-library-2.12.12.jar
[warn] akka-persistence-typed_2.12-2.6.15.jar no longer exists at /home/knoldus/.cache/coursier/v1/https/repo1.maven.org/maven2/com/typesafe/akka/akka-persistence-typed_2.12/2.6.15/akka-persistence-typed_2.12-2.6.15.jar
[warn] akka-http_2.12-10.2.5.jar no longer exists at /home/knoldus/.cache/coursier/v1/https/repo1.maven.org/maven2/com/typesafe/akka/akka-http_2.12/10.2.5/akka-http_2.12-10.2.5.jar
[warn] scala-library-2.12.12-sources.jar no longer exists at /home/knoldus/.cache/coursier/v1/https/repo1.maven.org/maven2/org/scala-lang/scala-library/2.12.12/scala-library-2.12.12-sources.jar
[warn] scala-library-2.12.14-sources.jar no longer exists at /home/knoldus/.cache/coursier/v1/https/repo1.maven.org/maven2/org/scala-lang/scala-library/2.12.14/scala-library-2.12.14-sources.jar
[warn] scala-library-2.12.14-sources.jar no longer exists at /home/knoldus/.cache/coursier/v1/https/repo1.maven.org/maven2/org/scala-lang/scala-library/2.12.14/scala-library-2.12.14-sources.jar
[info] shutting down sbt server
